********************************************************************************
DUPLICATOR-LITE PACKAGE-LOG: 5 April 2023 15:55
NOTICE: Do NOT post to public sites or forums 
********************************************************************************
VERSION:	1.5.3.1
WORDPRESS:	6.2
PHP INFO:	8.2.0 | SAPI: apache2handler
SERVER:		Apache/2.4.54 (Win64) OpenSSL/1.1.1p PHP/8.2.0 
PHP TIME LIMIT: (0) no time limit imposed 
PHP MAX MEMORY: 4294967296 (512M default) 
MEMORY STACK: 52MB
[CTRL DUP ARCIVE] PACKAGE AS NEW ID 4 SAVED | STATUS:0
[DUP ARCHIVE] BUILDING DATABASE

********************************************************************************
DATABASE:
********************************************************************************
BUILD MODE:   MYSQLDUMP
MYSQLTIMEOUT: 5000
MYSQLDUMP:    Is Supported
[PHP ERR][ISSUE] MSG:Creation of dynamic property DUP_Database::$sameNameTableExists is deprecated [CODE:8192|FILE:C:\xampp\htdocs\wordpress1\wp-content\plugins\duplicator\classes\package\class.pack.database.php|LINE:761]
do_action('wp_ajax_duplicator_duparchive_package_build'), WP_Hook->do_action, WP_Hook->apply_filters, duplicator_duparchive_package_build, DUP_Package->runDupArchiveBuild, DUP_Database->build, DUP_Database->mysqlDump, DUP_Database->rewriteTableNameAs, DUP_Handler::error, DUP_Handler::getMessage
SQL CREATED: 20230405_ilmiositoweb_a38ec0d1814c23c27399_20230405155516_database.sql
SQL FILE SIZE: 1.03MB (1082169)
SQL FILE TIME: 2023-04-05 15:55:29
SQL RUNTIME: 3.57 sec.
[DUP ARCHIVE] VALIDATING DATABASE
[DUP ARCHIVE] DONE DATABASE

********************************************************************************
ARCHIVE Type=DUP Mode=DupArchive
********************************************************************************
ARCHIVE DIR:  C:/xampp/htdocs/wordpress1
ARCHIVE FILE: 20230405_ilmiositoweb_a38ec0d1814c23c27399_20230405155516_archive.daf
FILTERS: *OFF*
DIRS:
	not set
FILES:
	not set
EXTS:  not set
----------------------------------------
COMPRESSING
SIZE:	92.6MB
STATS:	Dirs 796 | Files 5,432 | Total 6,228
[DUP ARCHIVE] DONE ARCHIVE
[DUP ARCHIVE] DONE ARCHIVE
[DUP ARCHIVE] DONE ARCHIVE
[DUP ARCHIVE] DONE ARCHIVE
[DUP ARCHIVE] DONE ARCHIVE
building installer
[DUP ARCHIVE] DONE ARCHIVE
COMPRESSED SIZE: 40.61MB
ARCHIVE RUNTIME: 56.77 sec.
MEMORY STACK: 56MB
CREATE WARNINGS: No warnings.
VALIDATION WARNINGS: No warnings.
[DUP ARCHIVE] DONE ARCHIVE
[DUP ARCHIVE] HAS COMPLETED CLOSING
[DUP ARCHIVE] DUP ARCHIVE INTEGRITY CHECK

********************************************************************************
INTEGRITY CHECKS:
********************************************************************************
SQL FILE: 1.03MB
INSTALLER FILE: 94.69KB
ARCHIVE FILE: 40.61MB 
CONTEGGIO FILE/DIRECTORY PREVISTO: 6,966
CONTEGGIO FILE/DIRECTORY EFFETTIVO: 6,967

********************************************************************************
RECORD ID:[4]
TOTAL PROCESS RUNTIME: 56.78 sec.
PEAK PHP MEMORY USED: 56MB
DONE PROCESSING => 20230405_ilmiositoweb 2023-04-05 15:56:22

